<?xml version="1.0" encoding="UTF-8"?>
<!-- Generated by org.testng.reporters.JUnitReportReporter -->
<testsuite skipped="0" hostname="GYANESH-PC" name="com.qa.flipkart.tests.LoginTest" tests="3" failures="0" timestamp="17 Nov 2019 18:16:43 GMT" time="30.951" errors="0">
  <testcase name="loginPageTitleTest" time="9.919" classname="com.qa.flipkart.tests.LoginTest"/>
  <testcase name="loginLinkTest" time="11.264" classname="com.qa.flipkart.tests.LoginTest"/>
  <testcase name="validLogin" time="9.768" classname="com.qa.flipkart.tests.LoginTest"/>
</testsuite> <!-- com.qa.flipkart.tests.LoginTest -->
