<?xml version="1.0" encoding="UTF-8"?>
<!-- Generated by org.testng.reporters.JUnitReportReporter -->
<testsuite skipped="0" hostname="GYANESH-PC" name="com.qa.flipkart.tests.HomePageTest" tests="2" failures="0" timestamp="19 Nov 2019 11:22:02 GMT" time="66.120" errors="0">
  <testcase name="verifyHomePageTitleTest" time="16.189" classname="com.qa.flipkart.tests.HomePageTest"/>
  <testcase name="clickOnCartTest" time="49.931" classname="com.qa.flipkart.tests.HomePageTest"/>
</testsuite> <!-- com.qa.flipkart.tests.HomePageTest -->
