<?xml version="1.0" encoding="UTF-8"?>
<!-- Generated by org.testng.reporters.JUnitReportReporter -->
<testsuite skipped="0" hostname="GYANESH-PC" name="com.qa.flipkart.tests.LoginTest" tests="3" failures="0" timestamp="19 Nov 2019 11:22:01 GMT" time="66.965" errors="0">
  <testcase name="loginPageTitleTest" time="31.935" classname="com.qa.flipkart.tests.LoginTest"/>
  <testcase name="loginLinkTest" time="18.895" classname="com.qa.flipkart.tests.LoginTest"/>
  <testcase name="validLogin" time="16.135" classname="com.qa.flipkart.tests.LoginTest"/>
</testsuite> <!-- com.qa.flipkart.tests.LoginTest -->
